  Context.cpp
c:\users\andres\source\repos\graphics_engine\GraphicsObject.h(253): warning C5037: 'MatrixInstancedMeshObject<T,S>::MatrixInstancedMeshObject': an out-of-line definition of a member of a class template cannot have default arguments
c:\users\andres\source\repos\graphics_engine\GraphicsObject.h(259): warning C5037: 'MatrixInstancedMeshObject<T,S>::MatrixInstancedMeshObject': an out-of-line definition of a member of a class template cannot have default arguments
Context.cpp(53): warning C4267: 'argument': conversion from 'size_t' to 'int', possible loss of data
c:\users\andres\source\repos\graphics_engine\GraphicsObject.h(236): warning C4267: 'argument': conversion from 'size_t' to 'GLsizei', possible loss of data
  c:\users\andres\source\repos\graphics_engine\GraphicsObject.h(235): note: while compiling class template member function 'void InstancedMeshObject<T,S>::draw(void)'
          with
          [
              T=glm::mat4,
              S=float
          ]
  c:\users\andres\source\repos\graphics_engine\GraphicsObject.h(242): note: see reference to class template instantiation 'InstancedMeshObject<T,S>' being compiled
          with
          [
              T=glm::mat4,
              S=float
          ]
  Context.cpp(46): note: see reference to class template instantiation 'MatrixInstancedMeshObject<glm::mat4,float>' being compiled
  Controller.cpp
c:\users\andres\source\repos\graphics_engine\GraphicsObject.h(253): warning C5037: 'MatrixInstancedMeshObject<T,S>::MatrixInstancedMeshObject': an out-of-line definition of a member of a class template cannot have default arguments
c:\users\andres\source\repos\graphics_engine\GraphicsObject.h(259): warning C5037: 'MatrixInstancedMeshObject<T,S>::MatrixInstancedMeshObject': an out-of-line definition of a member of a class template cannot have default arguments
Controller.cpp(79): warning C4244: 'argument': conversion from 'double' to 'int', possible loss of data
  Pass.cpp
c:\users\andres\source\repos\graphics_engine\GraphicsObject.h(253): warning C5037: 'MatrixInstancedMeshObject<T,S>::MatrixInstancedMeshObject': an out-of-line definition of a member of a class template cannot have default arguments
c:\users\andres\source\repos\graphics_engine\GraphicsObject.h(259): warning C5037: 'MatrixInstancedMeshObject<T,S>::MatrixInstancedMeshObject': an out-of-line definition of a member of a class template cannot have default arguments
  Source.cpp
c:\users\andres\source\repos\graphics_engine\GraphicsObject.h(253): warning C5037: 'MatrixInstancedMeshObject<T,S>::MatrixInstancedMeshObject': an out-of-line definition of a member of a class template cannot have default arguments
c:\users\andres\source\repos\graphics_engine\GraphicsObject.h(259): warning C5037: 'MatrixInstancedMeshObject<T,S>::MatrixInstancedMeshObject': an out-of-line definition of a member of a class template cannot have default arguments
Source.cpp(38): warning C4244: 'argument': conversion from 'time_t' to 'unsigned int', possible loss of data
  Generating code
  47 of 2202 functions ( 2.1%) were compiled, the rest were copied from previous compilation.
    1 functions were new in current compilation
    18 functions had inline decision re-evaluated but remain unchanged
  Finished generating code
  VISUALCOMPUTING.vcxproj -> C:\Users\Andres\source\repos\Graphics_Engine\x64\Release\VISUALCOMPUTING.exe
