c:\users\andres\source\repos\graphics_engine\x64\release\vc141.pdb
c:\users\andres\source\repos\graphics_engine\x64\release\texturemanager.obj
c:\users\andres\source\repos\graphics_engine\x64\release\source.obj
c:\users\andres\source\repos\graphics_engine\x64\release\shader.obj
c:\users\andres\source\repos\graphics_engine\x64\release\graphicsobject.obj
c:\users\andres\source\repos\graphics_engine\x64\release\geometricalmeshobjects.obj
c:\users\andres\source\repos\graphics_engine\x64\release\framebuffer.obj
c:\users\andres\source\repos\graphics_engine\x64\release\camera.obj
c:\users\andres\source\repos\graphics_engine\x64\release\inputstate.obj
c:\users\andres\source\repos\graphics_engine\x64\release\controller.obj
c:\users\andres\source\repos\graphics_engine\x64\release\pass.obj
c:\users\andres\source\repos\graphics_engine\x64\release\windowcontext.obj
c:\users\andres\source\repos\graphics_engine\x64\release\context.obj
c:\users\andres\source\repos\graphics_engine\x64\release\referencedgraphicsobject.obj
c:\users\andres\source\repos\graphics_engine\x64\release\shaderprogrampipeline.obj
c:\users\andres\source\repos\graphics_engine\x64\release\shaderprogram.obj
c:\users\andres\source\repos\graphics_engine\x64\release\visualcomputing.ipdb
c:\users\andres\source\repos\graphics_engine\x64\release\visualcomputing.iobj
c:\users\andres\source\repos\graphics_engine\x64\release\visualcomputing.pdb
c:\users\andres\source\repos\graphics_engine\x64\release\visualcomputing.tlog\cl.command.1.tlog
c:\users\andres\source\repos\graphics_engine\x64\release\visualcomputing.tlog\cl.read.1.tlog
c:\users\andres\source\repos\graphics_engine\x64\release\visualcomputing.tlog\cl.write.1.tlog
c:\users\andres\source\repos\graphics_engine\x64\release\visualcomputing.tlog\link.command.1.tlog
c:\users\andres\source\repos\graphics_engine\x64\release\visualcomputing.tlog\link.read.1.tlog
c:\users\andres\source\repos\graphics_engine\x64\release\visualcomputing.tlog\link.write.1.tlog
c:\users\andres\source\repos\graphics_engine\x64\release\visualcomputing.tlog\visualcomputing.write.1u.tlog
